INFO 2025-11-28 11:49:25,502 autoreload Watching for file changes with StatReloader
WARNING 2025-11-28 11:50:58,103 log Not Found: /
WARNING 2025-11-28 11:50:58,629 log Not Found: /favicon.ico
WARNING 2025-11-28 11:52:42,297 log Unauthorized: /api/auth/login/
WARNING 2025-11-28 11:52:57,766 log Unauthorized: /api/auth/login/
WARNING 2025-11-28 11:53:01,541 log Unauthorized: /api/auth/login/
WARNING 2025-11-28 11:54:01,575 log Unauthorized: /api/auth/login/
WARNING 2025-11-28 11:57:32,699 log Unauthorized: /api/auth/login/
WARNING 2025-11-28 12:05:46,977 log Unauthorized: /api/auth/login/
ERROR 2025-11-28 13:03:40,269 log Internal Server Error: /api/complaints/
Traceback (most recent call last):
  File "C:\Users\admin\Documents\KiroCOmplaint\Complaint\backend\venv\Lib\site-packages\rest_framework\serializers.py", line 991, in create
    instance = ModelClass._default_manager.create(**validated_data)
  File "C:\Users\admin\Documents\KiroCOmplaint\Complaint\backend\venv\Lib\site-packages\django\db\models\manager.py", line 87, in manager_method
    return getattr(self.get_queryset(), name)(*args, **kwargs)
           ~~~~~~~~~~~~~~~~~~~~~~~~~~~~~~~~~~^^^^^^^^^^^^^^^^^
  File "C:\Users\admin\Documents\KiroCOmplaint\Complaint\backend\venv\Lib\site-packages\django\db\models\query.py", line 663, in create
    obj = self.model(**kwargs)
  File "C:\Users\admin\Documents\KiroCOmplaint\Complaint\backend\venv\Lib\site-packages\django\db\models\base.py", line 569, in __init__
    raise TypeError(
    ...<2 lines>...
    )
TypeError: Complaint() got unexpected keyword arguments: 'uploaded_files'

During handling of the above exception, another exception occurred:

Traceback (most recent call last):
  File "C:\Users\admin\Documents\KiroCOmplaint\Complaint\backend\venv\Lib\site-packages\django\core\handlers\exception.py", line 55, in inner
    response = get_response(request)
  File "C:\Users\admin\Documents\KiroCOmplaint\Complaint\backend\venv\Lib\site-packages\django\core\handlers\base.py", line 197, in _get_response
    response = wrapped_callback(request, *callback_args, **callback_kwargs)
  File "C:\Users\admin\Documents\KiroCOmplaint\Complaint\backend\venv\Lib\site-packages\django\views\decorators\csrf.py", line 65, in _view_wrapper
    return view_func(request, *args, **kwargs)
  File "C:\Users\admin\Documents\KiroCOmplaint\Complaint\backend\venv\Lib\site-packages\django\views\generic\base.py", line 105, in view
    return self.dispatch(request, *args, **kwargs)
           ~~~~~~~~~~~~~^^^^^^^^^^^^^^^^^^^^^^^^^^
  File "C:\Users\admin\Documents\KiroCOmplaint\Complaint\backend\venv\Lib\site-packages\rest_framework\views.py", line 515, in dispatch
    response = self.handle_exception(exc)
  File "C:\Users\admin\Documents\KiroCOmplaint\Complaint\backend\venv\Lib\site-packages\rest_framework\views.py", line 475, in handle_exception
    self.raise_uncaught_exception(exc)
    ~~~~~~~~~~~~~~~~~~~~~~~~~~~~~^^^^^
  File "C:\Users\admin\Documents\KiroCOmplaint\Complaint\backend\venv\Lib\site-packages\rest_framework\views.py", line 486, in raise_uncaught_exception
    raise exc
  File "C:\Users\admin\Documents\KiroCOmplaint\Complaint\backend\venv\Lib\site-packages\rest_framework\views.py", line 512, in dispatch
    response = handler(request, *args, **kwargs)
  File "C:\Users\admin\Documents\KiroCOmplaint\Complaint\backend\venv\Lib\site-packages\rest_framework\generics.py", line 246, in post
    return self.create(request, *args, **kwargs)
           ~~~~~~~~~~~^^^^^^^^^^^^^^^^^^^^^^^^^^
  File "C:\Users\admin\Documents\KiroCOmplaint\Complaint\backend\venv\Lib\site-packages\rest_framework\mixins.py", line 19, in create
    self.perform_create(serializer)
    ~~~~~~~~~~~~~~~~~~~^^^^^^^^^^^^
  File "C:\Users\admin\Documents\KiroCOmplaint\Complaint\backend\complaints\views.py", line 107, in perform_create
    complaint = serializer.save(
        submitter=self.request.user,
    ...<2 lines>...
        status='new'
    )
  File "C:\Users\admin\Documents\KiroCOmplaint\Complaint\backend\venv\Lib\site-packages\rest_framework\serializers.py", line 210, in save
    self.instance = self.create(validated_data)
                    ~~~~~~~~~~~^^^^^^^^^^^^^^^^
  File "C:\Users\admin\Documents\KiroCOmplaint\Complaint\backend\venv\Lib\site-packages\rest_framework\serializers.py", line 1010, in create
    raise TypeError(msg)
TypeError: Got a `TypeError` when calling `Complaint.objects.create()`. This may be because you have a writable field on the serializer class that is not a valid argument to `Complaint.objects.create()`. You may need to make the field read-only, or override the ComplaintSerializer.create() method to handle this correctly.
Original exception was:
 Traceback (most recent call last):
  File "C:\Users\admin\Documents\KiroCOmplaint\Complaint\backend\venv\Lib\site-packages\rest_framework\serializers.py", line 991, in create
    instance = ModelClass._default_manager.create(**validated_data)
  File "C:\Users\admin\Documents\KiroCOmplaint\Complaint\backend\venv\Lib\site-packages\django\db\models\manager.py", line 87, in manager_method
    return getattr(self.get_queryset(), name)(*args, **kwargs)
           ~~~~~~~~~~~~~~~~~~~~~~~~~~~~~~~~~~^^^^^^^^^^^^^^^^^
  File "C:\Users\admin\Documents\KiroCOmplaint\Complaint\backend\venv\Lib\site-packages\django\db\models\query.py", line 663, in create
    obj = self.model(**kwargs)
  File "C:\Users\admin\Documents\KiroCOmplaint\Complaint\backend\venv\Lib\site-packages\django\db\models\base.py", line 569, in __init__
    raise TypeError(
    ...<2 lines>...
    )
TypeError: Complaint() got unexpected keyword arguments: 'uploaded_files'

ERROR 2025-11-28 13:03:42,270 log Internal Server Error: /api/complaints/
Traceback (most recent call last):
  File "C:\Users\admin\Documents\KiroCOmplaint\Complaint\backend\venv\Lib\site-packages\rest_framework\serializers.py", line 991, in create
    instance = ModelClass._default_manager.create(**validated_data)
  File "C:\Users\admin\Documents\KiroCOmplaint\Complaint\backend\venv\Lib\site-packages\django\db\models\manager.py", line 87, in manager_method
    return getattr(self.get_queryset(), name)(*args, **kwargs)
           ~~~~~~~~~~~~~~~~~~~~~~~~~~~~~~~~~~^^^^^^^^^^^^^^^^^
  File "C:\Users\admin\Documents\KiroCOmplaint\Complaint\backend\venv\Lib\site-packages\django\db\models\query.py", line 663, in create
    obj = self.model(**kwargs)
  File "C:\Users\admin\Documents\KiroCOmplaint\Complaint\backend\venv\Lib\site-packages\django\db\models\base.py", line 569, in __init__
    raise TypeError(
    ...<2 lines>...
    )
TypeError: Complaint() got unexpected keyword arguments: 'uploaded_files'

During handling of the above exception, another exception occurred:

Traceback (most recent call last):
  File "C:\Users\admin\Documents\KiroCOmplaint\Complaint\backend\venv\Lib\site-packages\django\core\handlers\exception.py", line 55, in inner
    response = get_response(request)
  File "C:\Users\admin\Documents\KiroCOmplaint\Complaint\backend\venv\Lib\site-packages\django\core\handlers\base.py", line 197, in _get_response
    response = wrapped_callback(request, *callback_args, **callback_kwargs)
  File "C:\Users\admin\Documents\KiroCOmplaint\Complaint\backend\venv\Lib\site-packages\django\views\decorators\csrf.py", line 65, in _view_wrapper
    return view_func(request, *args, **kwargs)
  File "C:\Users\admin\Documents\KiroCOmplaint\Complaint\backend\venv\Lib\site-packages\django\views\generic\base.py", line 105, in view
    return self.dispatch(request, *args, **kwargs)
           ~~~~~~~~~~~~~^^^^^^^^^^^^^^^^^^^^^^^^^^
  File "C:\Users\admin\Documents\KiroCOmplaint\Complaint\backend\venv\Lib\site-packages\rest_framework\views.py", line 515, in dispatch
    response = self.handle_exception(exc)
  File "C:\Users\admin\Documents\KiroCOmplaint\Complaint\backend\venv\Lib\site-packages\rest_framework\views.py", line 475, in handle_exception
    self.raise_uncaught_exception(exc)
    ~~~~~~~~~~~~~~~~~~~~~~~~~~~~~^^^^^
  File "C:\Users\admin\Documents\KiroCOmplaint\Complaint\backend\venv\Lib\site-packages\rest_framework\views.py", line 486, in raise_uncaught_exception
    raise exc
  File "C:\Users\admin\Documents\KiroCOmplaint\Complaint\backend\venv\Lib\site-packages\rest_framework\views.py", line 512, in dispatch
    response = handler(request, *args, **kwargs)
  File "C:\Users\admin\Documents\KiroCOmplaint\Complaint\backend\venv\Lib\site-packages\rest_framework\generics.py", line 246, in post
    return self.create(request, *args, **kwargs)
           ~~~~~~~~~~~^^^^^^^^^^^^^^^^^^^^^^^^^^
  File "C:\Users\admin\Documents\KiroCOmplaint\Complaint\backend\venv\Lib\site-packages\rest_framework\mixins.py", line 19, in create
    self.perform_create(serializer)
    ~~~~~~~~~~~~~~~~~~~^^^^^^^^^^^^
  File "C:\Users\admin\Documents\KiroCOmplaint\Complaint\backend\complaints\views.py", line 107, in perform_create
    complaint = serializer.save(
        submitter=self.request.user,
    ...<2 lines>...
        status='new'
    )
  File "C:\Users\admin\Documents\KiroCOmplaint\Complaint\backend\venv\Lib\site-packages\rest_framework\serializers.py", line 210, in save
    self.instance = self.create(validated_data)
                    ~~~~~~~~~~~^^^^^^^^^^^^^^^^
  File "C:\Users\admin\Documents\KiroCOmplaint\Complaint\backend\venv\Lib\site-packages\rest_framework\serializers.py", line 1010, in create
    raise TypeError(msg)
TypeError: Got a `TypeError` when calling `Complaint.objects.create()`. This may be because you have a writable field on the serializer class that is not a valid argument to `Complaint.objects.create()`. You may need to make the field read-only, or override the ComplaintSerializer.create() method to handle this correctly.
Original exception was:
 Traceback (most recent call last):
  File "C:\Users\admin\Documents\KiroCOmplaint\Complaint\backend\venv\Lib\site-packages\rest_framework\serializers.py", line 991, in create
    instance = ModelClass._default_manager.create(**validated_data)
  File "C:\Users\admin\Documents\KiroCOmplaint\Complaint\backend\venv\Lib\site-packages\django\db\models\manager.py", line 87, in manager_method
    return getattr(self.get_queryset(), name)(*args, **kwargs)
           ~~~~~~~~~~~~~~~~~~~~~~~~~~~~~~~~~~^^^^^^^^^^^^^^^^^
  File "C:\Users\admin\Documents\KiroCOmplaint\Complaint\backend\venv\Lib\site-packages\django\db\models\query.py", line 663, in create
    obj = self.model(**kwargs)
  File "C:\Users\admin\Documents\KiroCOmplaint\Complaint\backend\venv\Lib\site-packages\django\db\models\base.py", line 569, in __init__
    raise TypeError(
    ...<2 lines>...
    )
TypeError: Complaint() got unexpected keyword arguments: 'uploaded_files'

ERROR 2025-11-28 13:03:43,156 log Internal Server Error: /api/complaints/
Traceback (most recent call last):
  File "C:\Users\admin\Documents\KiroCOmplaint\Complaint\backend\venv\Lib\site-packages\rest_framework\serializers.py", line 991, in create
    instance = ModelClass._default_manager.create(**validated_data)
  File "C:\Users\admin\Documents\KiroCOmplaint\Complaint\backend\venv\Lib\site-packages\django\db\models\manager.py", line 87, in manager_method
    return getattr(self.get_queryset(), name)(*args, **kwargs)
           ~~~~~~~~~~~~~~~~~~~~~~~~~~~~~~~~~~^^^^^^^^^^^^^^^^^
  File "C:\Users\admin\Documents\KiroCOmplaint\Complaint\backend\venv\Lib\site-packages\django\db\models\query.py", line 663, in create
    obj = self.model(**kwargs)
  File "C:\Users\admin\Documents\KiroCOmplaint\Complaint\backend\venv\Lib\site-packages\django\db\models\base.py", line 569, in __init__
    raise TypeError(
    ...<2 lines>...
    )
TypeError: Complaint() got unexpected keyword arguments: 'uploaded_files'

During handling of the above exception, another exception occurred:

Traceback (most recent call last):
  File "C:\Users\admin\Documents\KiroCOmplaint\Complaint\backend\venv\Lib\site-packages\django\core\handlers\exception.py", line 55, in inner
    response = get_response(request)
  File "C:\Users\admin\Documents\KiroCOmplaint\Complaint\backend\venv\Lib\site-packages\django\core\handlers\base.py", line 197, in _get_response
    response = wrapped_callback(request, *callback_args, **callback_kwargs)
  File "C:\Users\admin\Documents\KiroCOmplaint\Complaint\backend\venv\Lib\site-packages\django\views\decorators\csrf.py", line 65, in _view_wrapper
    return view_func(request, *args, **kwargs)
  File "C:\Users\admin\Documents\KiroCOmplaint\Complaint\backend\venv\Lib\site-packages\django\views\generic\base.py", line 105, in view
    return self.dispatch(request, *args, **kwargs)
           ~~~~~~~~~~~~~^^^^^^^^^^^^^^^^^^^^^^^^^^
  File "C:\Users\admin\Documents\KiroCOmplaint\Complaint\backend\venv\Lib\site-packages\rest_framework\views.py", line 515, in dispatch
    response = self.handle_exception(exc)
  File "C:\Users\admin\Documents\KiroCOmplaint\Complaint\backend\venv\Lib\site-packages\rest_framework\views.py", line 475, in handle_exception
    self.raise_uncaught_exception(exc)
    ~~~~~~~~~~~~~~~~~~~~~~~~~~~~~^^^^^
  File "C:\Users\admin\Documents\KiroCOmplaint\Complaint\backend\venv\Lib\site-packages\rest_framework\views.py", line 486, in raise_uncaught_exception
    raise exc
  File "C:\Users\admin\Documents\KiroCOmplaint\Complaint\backend\venv\Lib\site-packages\rest_framework\views.py", line 512, in dispatch
    response = handler(request, *args, **kwargs)
  File "C:\Users\admin\Documents\KiroCOmplaint\Complaint\backend\venv\Lib\site-packages\rest_framework\generics.py", line 246, in post
    return self.create(request, *args, **kwargs)
           ~~~~~~~~~~~^^^^^^^^^^^^^^^^^^^^^^^^^^
  File "C:\Users\admin\Documents\KiroCOmplaint\Complaint\backend\venv\Lib\site-packages\rest_framework\mixins.py", line 19, in create
    self.perform_create(serializer)
    ~~~~~~~~~~~~~~~~~~~^^^^^^^^^^^^
  File "C:\Users\admin\Documents\KiroCOmplaint\Complaint\backend\complaints\views.py", line 107, in perform_create
    complaint = serializer.save(
        submitter=self.request.user,
    ...<2 lines>...
        status='new'
    )
  File "C:\Users\admin\Documents\KiroCOmplaint\Complaint\backend\venv\Lib\site-packages\rest_framework\serializers.py", line 210, in save
    self.instance = self.create(validated_data)
                    ~~~~~~~~~~~^^^^^^^^^^^^^^^^
  File "C:\Users\admin\Documents\KiroCOmplaint\Complaint\backend\venv\Lib\site-packages\rest_framework\serializers.py", line 1010, in create
    raise TypeError(msg)
TypeError: Got a `TypeError` when calling `Complaint.objects.create()`. This may be because you have a writable field on the serializer class that is not a valid argument to `Complaint.objects.create()`. You may need to make the field read-only, or override the ComplaintSerializer.create() method to handle this correctly.
Original exception was:
 Traceback (most recent call last):
  File "C:\Users\admin\Documents\KiroCOmplaint\Complaint\backend\venv\Lib\site-packages\rest_framework\serializers.py", line 991, in create
    instance = ModelClass._default_manager.create(**validated_data)
  File "C:\Users\admin\Documents\KiroCOmplaint\Complaint\backend\venv\Lib\site-packages\django\db\models\manager.py", line 87, in manager_method
    return getattr(self.get_queryset(), name)(*args, **kwargs)
           ~~~~~~~~~~~~~~~~~~~~~~~~~~~~~~~~~~^^^^^^^^^^^^^^^^^
  File "C:\Users\admin\Documents\KiroCOmplaint\Complaint\backend\venv\Lib\site-packages\django\db\models\query.py", line 663, in create
    obj = self.model(**kwargs)
  File "C:\Users\admin\Documents\KiroCOmplaint\Complaint\backend\venv\Lib\site-packages\django\db\models\base.py", line 569, in __init__
    raise TypeError(
    ...<2 lines>...
    )
TypeError: Complaint() got unexpected keyword arguments: 'uploaded_files'

ERROR 2025-11-28 13:03:44,020 log Internal Server Error: /api/complaints/
Traceback (most recent call last):
  File "C:\Users\admin\Documents\KiroCOmplaint\Complaint\backend\venv\Lib\site-packages\rest_framework\serializers.py", line 991, in create
    instance = ModelClass._default_manager.create(**validated_data)
  File "C:\Users\admin\Documents\KiroCOmplaint\Complaint\backend\venv\Lib\site-packages\django\db\models\manager.py", line 87, in manager_method
    return getattr(self.get_queryset(), name)(*args, **kwargs)
           ~~~~~~~~~~~~~~~~~~~~~~~~~~~~~~~~~~^^^^^^^^^^^^^^^^^
  File "C:\Users\admin\Documents\KiroCOmplaint\Complaint\backend\venv\Lib\site-packages\django\db\models\query.py", line 663, in create
    obj = self.model(**kwargs)
  File "C:\Users\admin\Documents\KiroCOmplaint\Complaint\backend\venv\Lib\site-packages\django\db\models\base.py", line 569, in __init__
    raise TypeError(
    ...<2 lines>...
    )
TypeError: Complaint() got unexpected keyword arguments: 'uploaded_files'

During handling of the above exception, another exception occurred:

Traceback (most recent call last):
  File "C:\Users\admin\Documents\KiroCOmplaint\Complaint\backend\venv\Lib\site-packages\django\core\handlers\exception.py", line 55, in inner
    response = get_response(request)
  File "C:\Users\admin\Documents\KiroCOmplaint\Complaint\backend\venv\Lib\site-packages\django\core\handlers\base.py", line 197, in _get_response
    response = wrapped_callback(request, *callback_args, **callback_kwargs)
  File "C:\Users\admin\Documents\KiroCOmplaint\Complaint\backend\venv\Lib\site-packages\django\views\decorators\csrf.py", line 65, in _view_wrapper
    return view_func(request, *args, **kwargs)
  File "C:\Users\admin\Documents\KiroCOmplaint\Complaint\backend\venv\Lib\site-packages\django\views\generic\base.py", line 105, in view
    return self.dispatch(request, *args, **kwargs)
           ~~~~~~~~~~~~~^^^^^^^^^^^^^^^^^^^^^^^^^^
  File "C:\Users\admin\Documents\KiroCOmplaint\Complaint\backend\venv\Lib\site-packages\rest_framework\views.py", line 515, in dispatch
    response = self.handle_exception(exc)
  File "C:\Users\admin\Documents\KiroCOmplaint\Complaint\backend\venv\Lib\site-packages\rest_framework\views.py", line 475, in handle_exception
    self.raise_uncaught_exception(exc)
    ~~~~~~~~~~~~~~~~~~~~~~~~~~~~~^^^^^
  File "C:\Users\admin\Documents\KiroCOmplaint\Complaint\backend\venv\Lib\site-packages\rest_framework\views.py", line 486, in raise_uncaught_exception
    raise exc
  File "C:\Users\admin\Documents\KiroCOmplaint\Complaint\backend\venv\Lib\site-packages\rest_framework\views.py", line 512, in dispatch
    response = handler(request, *args, **kwargs)
  File "C:\Users\admin\Documents\KiroCOmplaint\Complaint\backend\venv\Lib\site-packages\rest_framework\generics.py", line 246, in post
    return self.create(request, *args, **kwargs)
           ~~~~~~~~~~~^^^^^^^^^^^^^^^^^^^^^^^^^^
  File "C:\Users\admin\Documents\KiroCOmplaint\Complaint\backend\venv\Lib\site-packages\rest_framework\mixins.py", line 19, in create
    self.perform_create(serializer)
    ~~~~~~~~~~~~~~~~~~~^^^^^^^^^^^^
  File "C:\Users\admin\Documents\KiroCOmplaint\Complaint\backend\complaints\views.py", line 107, in perform_create
    complaint = serializer.save(
        submitter=self.request.user,
    ...<2 lines>...
        status='new'
    )
  File "C:\Users\admin\Documents\KiroCOmplaint\Complaint\backend\venv\Lib\site-packages\rest_framework\serializers.py", line 210, in save
    self.instance = self.create(validated_data)
                    ~~~~~~~~~~~^^^^^^^^^^^^^^^^
  File "C:\Users\admin\Documents\KiroCOmplaint\Complaint\backend\venv\Lib\site-packages\rest_framework\serializers.py", line 1010, in create
    raise TypeError(msg)
TypeError: Got a `TypeError` when calling `Complaint.objects.create()`. This may be because you have a writable field on the serializer class that is not a valid argument to `Complaint.objects.create()`. You may need to make the field read-only, or override the ComplaintSerializer.create() method to handle this correctly.
Original exception was:
 Traceback (most recent call last):
  File "C:\Users\admin\Documents\KiroCOmplaint\Complaint\backend\venv\Lib\site-packages\rest_framework\serializers.py", line 991, in create
    instance = ModelClass._default_manager.create(**validated_data)
  File "C:\Users\admin\Documents\KiroCOmplaint\Complaint\backend\venv\Lib\site-packages\django\db\models\manager.py", line 87, in manager_method
    return getattr(self.get_queryset(), name)(*args, **kwargs)
           ~~~~~~~~~~~~~~~~~~~~~~~~~~~~~~~~~~^^^^^^^^^^^^^^^^^
  File "C:\Users\admin\Documents\KiroCOmplaint\Complaint\backend\venv\Lib\site-packages\django\db\models\query.py", line 663, in create
    obj = self.model(**kwargs)
  File "C:\Users\admin\Documents\KiroCOmplaint\Complaint\backend\venv\Lib\site-packages\django\db\models\base.py", line 569, in __init__
    raise TypeError(
    ...<2 lines>...
    )
TypeError: Complaint() got unexpected keyword arguments: 'uploaded_files'

ERROR 2025-11-28 13:03:44,193 log Internal Server Error: /api/complaints/
Traceback (most recent call last):
  File "C:\Users\admin\Documents\KiroCOmplaint\Complaint\backend\venv\Lib\site-packages\rest_framework\serializers.py", line 991, in create
    instance = ModelClass._default_manager.create(**validated_data)
  File "C:\Users\admin\Documents\KiroCOmplaint\Complaint\backend\venv\Lib\site-packages\django\db\models\manager.py", line 87, in manager_method
    return getattr(self.get_queryset(), name)(*args, **kwargs)
           ~~~~~~~~~~~~~~~~~~~~~~~~~~~~~~~~~~^^^^^^^^^^^^^^^^^
  File "C:\Users\admin\Documents\KiroCOmplaint\Complaint\backend\venv\Lib\site-packages\django\db\models\query.py", line 663, in create
    obj = self.model(**kwargs)
  File "C:\Users\admin\Documents\KiroCOmplaint\Complaint\backend\venv\Lib\site-packages\django\db\models\base.py", line 569, in __init__
    raise TypeError(
    ...<2 lines>...
    )
TypeError: Complaint() got unexpected keyword arguments: 'uploaded_files'

During handling of the above exception, another exception occurred:

Traceback (most recent call last):
  File "C:\Users\admin\Documents\KiroCOmplaint\Complaint\backend\venv\Lib\site-packages\django\core\handlers\exception.py", line 55, in inner
    response = get_response(request)
  File "C:\Users\admin\Documents\KiroCOmplaint\Complaint\backend\venv\Lib\site-packages\django\core\handlers\base.py", line 197, in _get_response
    response = wrapped_callback(request, *callback_args, **callback_kwargs)
  File "C:\Users\admin\Documents\KiroCOmplaint\Complaint\backend\venv\Lib\site-packages\django\views\decorators\csrf.py", line 65, in _view_wrapper
    return view_func(request, *args, **kwargs)
  File "C:\Users\admin\Documents\KiroCOmplaint\Complaint\backend\venv\Lib\site-packages\django\views\generic\base.py", line 105, in view
    return self.dispatch(request, *args, **kwargs)
           ~~~~~~~~~~~~~^^^^^^^^^^^^^^^^^^^^^^^^^^
  File "C:\Users\admin\Documents\KiroCOmplaint\Complaint\backend\venv\Lib\site-packages\rest_framework\views.py", line 515, in dispatch
    response = self.handle_exception(exc)
  File "C:\Users\admin\Documents\KiroCOmplaint\Complaint\backend\venv\Lib\site-packages\rest_framework\views.py", line 475, in handle_exception
    self.raise_uncaught_exception(exc)
    ~~~~~~~~~~~~~~~~~~~~~~~~~~~~~^^^^^
  File "C:\Users\admin\Documents\KiroCOmplaint\Complaint\backend\venv\Lib\site-packages\rest_framework\views.py", line 486, in raise_uncaught_exception
    raise exc
  File "C:\Users\admin\Documents\KiroCOmplaint\Complaint\backend\venv\Lib\site-packages\rest_framework\views.py", line 512, in dispatch
    response = handler(request, *args, **kwargs)
  File "C:\Users\admin\Documents\KiroCOmplaint\Complaint\backend\venv\Lib\site-packages\rest_framework\generics.py", line 246, in post
    return self.create(request, *args, **kwargs)
           ~~~~~~~~~~~^^^^^^^^^^^^^^^^^^^^^^^^^^
  File "C:\Users\admin\Documents\KiroCOmplaint\Complaint\backend\venv\Lib\site-packages\rest_framework\mixins.py", line 19, in create
    self.perform_create(serializer)
    ~~~~~~~~~~~~~~~~~~~^^^^^^^^^^^^
  File "C:\Users\admin\Documents\KiroCOmplaint\Complaint\backend\complaints\views.py", line 107, in perform_create
    complaint = serializer.save(
        submitter=self.request.user,
    ...<2 lines>...
        status='new'
    )
  File "C:\Users\admin\Documents\KiroCOmplaint\Complaint\backend\venv\Lib\site-packages\rest_framework\serializers.py", line 210, in save
    self.instance = self.create(validated_data)
                    ~~~~~~~~~~~^^^^^^^^^^^^^^^^
  File "C:\Users\admin\Documents\KiroCOmplaint\Complaint\backend\venv\Lib\site-packages\rest_framework\serializers.py", line 1010, in create
    raise TypeError(msg)
TypeError: Got a `TypeError` when calling `Complaint.objects.create()`. This may be because you have a writable field on the serializer class that is not a valid argument to `Complaint.objects.create()`. You may need to make the field read-only, or override the ComplaintSerializer.create() method to handle this correctly.
Original exception was:
 Traceback (most recent call last):
  File "C:\Users\admin\Documents\KiroCOmplaint\Complaint\backend\venv\Lib\site-packages\rest_framework\serializers.py", line 991, in create
    instance = ModelClass._default_manager.create(**validated_data)
  File "C:\Users\admin\Documents\KiroCOmplaint\Complaint\backend\venv\Lib\site-packages\django\db\models\manager.py", line 87, in manager_method
    return getattr(self.get_queryset(), name)(*args, **kwargs)
           ~~~~~~~~~~~~~~~~~~~~~~~~~~~~~~~~~~^^^^^^^^^^^^^^^^^
  File "C:\Users\admin\Documents\KiroCOmplaint\Complaint\backend\venv\Lib\site-packages\django\db\models\query.py", line 663, in create
    obj = self.model(**kwargs)
  File "C:\Users\admin\Documents\KiroCOmplaint\Complaint\backend\venv\Lib\site-packages\django\db\models\base.py", line 569, in __init__
    raise TypeError(
    ...<2 lines>...
    )
TypeError: Complaint() got unexpected keyword arguments: 'uploaded_files'

ERROR 2025-11-28 13:03:44,392 log Internal Server Error: /api/complaints/
Traceback (most recent call last):
  File "C:\Users\admin\Documents\KiroCOmplaint\Complaint\backend\venv\Lib\site-packages\rest_framework\serializers.py", line 991, in create
    instance = ModelClass._default_manager.create(**validated_data)
  File "C:\Users\admin\Documents\KiroCOmplaint\Complaint\backend\venv\Lib\site-packages\django\db\models\manager.py", line 87, in manager_method
    return getattr(self.get_queryset(), name)(*args, **kwargs)
           ~~~~~~~~~~~~~~~~~~~~~~~~~~~~~~~~~~^^^^^^^^^^^^^^^^^
  File "C:\Users\admin\Documents\KiroCOmplaint\Complaint\backend\venv\Lib\site-packages\django\db\models\query.py", line 663, in create
    obj = self.model(**kwargs)
  File "C:\Users\admin\Documents\KiroCOmplaint\Complaint\backend\venv\Lib\site-packages\django\db\models\base.py", line 569, in __init__
    raise TypeError(
    ...<2 lines>...
    )
TypeError: Complaint() got unexpected keyword arguments: 'uploaded_files'

During handling of the above exception, another exception occurred:

Traceback (most recent call last):
  File "C:\Users\admin\Documents\KiroCOmplaint\Complaint\backend\venv\Lib\site-packages\django\core\handlers\exception.py", line 55, in inner
    response = get_response(request)
  File "C:\Users\admin\Documents\KiroCOmplaint\Complaint\backend\venv\Lib\site-packages\django\core\handlers\base.py", line 197, in _get_response
    response = wrapped_callback(request, *callback_args, **callback_kwargs)
  File "C:\Users\admin\Documents\KiroCOmplaint\Complaint\backend\venv\Lib\site-packages\django\views\decorators\csrf.py", line 65, in _view_wrapper
    return view_func(request, *args, **kwargs)
  File "C:\Users\admin\Documents\KiroCOmplaint\Complaint\backend\venv\Lib\site-packages\django\views\generic\base.py", line 105, in view
    return self.dispatch(request, *args, **kwargs)
           ~~~~~~~~~~~~~^^^^^^^^^^^^^^^^^^^^^^^^^^
  File "C:\Users\admin\Documents\KiroCOmplaint\Complaint\backend\venv\Lib\site-packages\rest_framework\views.py", line 515, in dispatch
    response = self.handle_exception(exc)
  File "C:\Users\admin\Documents\KiroCOmplaint\Complaint\backend\venv\Lib\site-packages\rest_framework\views.py", line 475, in handle_exception
    self.raise_uncaught_exception(exc)
    ~~~~~~~~~~~~~~~~~~~~~~~~~~~~~^^^^^
  File "C:\Users\admin\Documents\KiroCOmplaint\Complaint\backend\venv\Lib\site-packages\rest_framework\views.py", line 486, in raise_uncaught_exception
    raise exc
  File "C:\Users\admin\Documents\KiroCOmplaint\Complaint\backend\venv\Lib\site-packages\rest_framework\views.py", line 512, in dispatch
    response = handler(request, *args, **kwargs)
  File "C:\Users\admin\Documents\KiroCOmplaint\Complaint\backend\venv\Lib\site-packages\rest_framework\generics.py", line 246, in post
    return self.create(request, *args, **kwargs)
           ~~~~~~~~~~~^^^^^^^^^^^^^^^^^^^^^^^^^^
  File "C:\Users\admin\Documents\KiroCOmplaint\Complaint\backend\venv\Lib\site-packages\rest_framework\mixins.py", line 19, in create
    self.perform_create(serializer)
    ~~~~~~~~~~~~~~~~~~~^^^^^^^^^^^^
  File "C:\Users\admin\Documents\KiroCOmplaint\Complaint\backend\complaints\views.py", line 107, in perform_create
    complaint = serializer.save(
        submitter=self.request.user,
    ...<2 lines>...
        status='new'
    )
  File "C:\Users\admin\Documents\KiroCOmplaint\Complaint\backend\venv\Lib\site-packages\rest_framework\serializers.py", line 210, in save
    self.instance = self.create(validated_data)
                    ~~~~~~~~~~~^^^^^^^^^^^^^^^^
  File "C:\Users\admin\Documents\KiroCOmplaint\Complaint\backend\venv\Lib\site-packages\rest_framework\serializers.py", line 1010, in create
    raise TypeError(msg)
TypeError: Got a `TypeError` when calling `Complaint.objects.create()`. This may be because you have a writable field on the serializer class that is not a valid argument to `Complaint.objects.create()`. You may need to make the field read-only, or override the ComplaintSerializer.create() method to handle this correctly.
Original exception was:
 Traceback (most recent call last):
  File "C:\Users\admin\Documents\KiroCOmplaint\Complaint\backend\venv\Lib\site-packages\rest_framework\serializers.py", line 991, in create
    instance = ModelClass._default_manager.create(**validated_data)
  File "C:\Users\admin\Documents\KiroCOmplaint\Complaint\backend\venv\Lib\site-packages\django\db\models\manager.py", line 87, in manager_method
    return getattr(self.get_queryset(), name)(*args, **kwargs)
           ~~~~~~~~~~~~~~~~~~~~~~~~~~~~~~~~~~^^^^^^^^^^^^^^^^^
  File "C:\Users\admin\Documents\KiroCOmplaint\Complaint\backend\venv\Lib\site-packages\django\db\models\query.py", line 663, in create
    obj = self.model(**kwargs)
  File "C:\Users\admin\Documents\KiroCOmplaint\Complaint\backend\venv\Lib\site-packages\django\db\models\base.py", line 569, in __init__
    raise TypeError(
    ...<2 lines>...
    )
TypeError: Complaint() got unexpected keyword arguments: 'uploaded_files'

ERROR 2025-11-28 13:03:44,575 log Internal Server Error: /api/complaints/
Traceback (most recent call last):
  File "C:\Users\admin\Documents\KiroCOmplaint\Complaint\backend\venv\Lib\site-packages\rest_framework\serializers.py", line 991, in create
    instance = ModelClass._default_manager.create(**validated_data)
  File "C:\Users\admin\Documents\KiroCOmplaint\Complaint\backend\venv\Lib\site-packages\django\db\models\manager.py", line 87, in manager_method
    return getattr(self.get_queryset(), name)(*args, **kwargs)
           ~~~~~~~~~~~~~~~~~~~~~~~~~~~~~~~~~~^^^^^^^^^^^^^^^^^
  File "C:\Users\admin\Documents\KiroCOmplaint\Complaint\backend\venv\Lib\site-packages\django\db\models\query.py", line 663, in create
    obj = self.model(**kwargs)
  File "C:\Users\admin\Documents\KiroCOmplaint\Complaint\backend\venv\Lib\site-packages\django\db\models\base.py", line 569, in __init__
    raise TypeError(
    ...<2 lines>...
    )
TypeError: Complaint() got unexpected keyword arguments: 'uploaded_files'

During handling of the above exception, another exception occurred:

Traceback (most recent call last):
  File "C:\Users\admin\Documents\KiroCOmplaint\Complaint\backend\venv\Lib\site-packages\django\core\handlers\exception.py", line 55, in inner
    response = get_response(request)
  File "C:\Users\admin\Documents\KiroCOmplaint\Complaint\backend\venv\Lib\site-packages\django\core\handlers\base.py", line 197, in _get_response
    response = wrapped_callback(request, *callback_args, **callback_kwargs)
  File "C:\Users\admin\Documents\KiroCOmplaint\Complaint\backend\venv\Lib\site-packages\django\views\decorators\csrf.py", line 65, in _view_wrapper
    return view_func(request, *args, **kwargs)
  File "C:\Users\admin\Documents\KiroCOmplaint\Complaint\backend\venv\Lib\site-packages\django\views\generic\base.py", line 105, in view
    return self.dispatch(request, *args, **kwargs)
           ~~~~~~~~~~~~~^^^^^^^^^^^^^^^^^^^^^^^^^^
  File "C:\Users\admin\Documents\KiroCOmplaint\Complaint\backend\venv\Lib\site-packages\rest_framework\views.py", line 515, in dispatch
    response = self.handle_exception(exc)
  File "C:\Users\admin\Documents\KiroCOmplaint\Complaint\backend\venv\Lib\site-packages\rest_framework\views.py", line 475, in handle_exception
    self.raise_uncaught_exception(exc)
    ~~~~~~~~~~~~~~~~~~~~~~~~~~~~~^^^^^
  File "C:\Users\admin\Documents\KiroCOmplaint\Complaint\backend\venv\Lib\site-packages\rest_framework\views.py", line 486, in raise_uncaught_exception
    raise exc
  File "C:\Users\admin\Documents\KiroCOmplaint\Complaint\backend\venv\Lib\site-packages\rest_framework\views.py", line 512, in dispatch
    response = handler(request, *args, **kwargs)
  File "C:\Users\admin\Documents\KiroCOmplaint\Complaint\backend\venv\Lib\site-packages\rest_framework\generics.py", line 246, in post
    return self.create(request, *args, **kwargs)
           ~~~~~~~~~~~^^^^^^^^^^^^^^^^^^^^^^^^^^
  File "C:\Users\admin\Documents\KiroCOmplaint\Complaint\backend\venv\Lib\site-packages\rest_framework\mixins.py", line 19, in create
    self.perform_create(serializer)
    ~~~~~~~~~~~~~~~~~~~^^^^^^^^^^^^
  File "C:\Users\admin\Documents\KiroCOmplaint\Complaint\backend\complaints\views.py", line 107, in perform_create
    complaint = serializer.save(
        submitter=self.request.user,
    ...<2 lines>...
        status='new'
    )
  File "C:\Users\admin\Documents\KiroCOmplaint\Complaint\backend\venv\Lib\site-packages\rest_framework\serializers.py", line 210, in save
    self.instance = self.create(validated_data)
                    ~~~~~~~~~~~^^^^^^^^^^^^^^^^
  File "C:\Users\admin\Documents\KiroCOmplaint\Complaint\backend\venv\Lib\site-packages\rest_framework\serializers.py", line 1010, in create
    raise TypeError(msg)
TypeError: Got a `TypeError` when calling `Complaint.objects.create()`. This may be because you have a writable field on the serializer class that is not a valid argument to `Complaint.objects.create()`. You may need to make the field read-only, or override the ComplaintSerializer.create() method to handle this correctly.
Original exception was:
 Traceback (most recent call last):
  File "C:\Users\admin\Documents\KiroCOmplaint\Complaint\backend\venv\Lib\site-packages\rest_framework\serializers.py", line 991, in create
    instance = ModelClass._default_manager.create(**validated_data)
  File "C:\Users\admin\Documents\KiroCOmplaint\Complaint\backend\venv\Lib\site-packages\django\db\models\manager.py", line 87, in manager_method
    return getattr(self.get_queryset(), name)(*args, **kwargs)
           ~~~~~~~~~~~~~~~~~~~~~~~~~~~~~~~~~~^^^^^^^^^^^^^^^^^
  File "C:\Users\admin\Documents\KiroCOmplaint\Complaint\backend\venv\Lib\site-packages\django\db\models\query.py", line 663, in create
    obj = self.model(**kwargs)
  File "C:\Users\admin\Documents\KiroCOmplaint\Complaint\backend\venv\Lib\site-packages\django\db\models\base.py", line 569, in __init__
    raise TypeError(
    ...<2 lines>...
    )
TypeError: Complaint() got unexpected keyword arguments: 'uploaded_files'

ERROR 2025-11-28 13:03:44,777 log Internal Server Error: /api/complaints/
Traceback (most recent call last):
  File "C:\Users\admin\Documents\KiroCOmplaint\Complaint\backend\venv\Lib\site-packages\rest_framework\serializers.py", line 991, in create
    instance = ModelClass._default_manager.create(**validated_data)
  File "C:\Users\admin\Documents\KiroCOmplaint\Complaint\backend\venv\Lib\site-packages\django\db\models\manager.py", line 87, in manager_method
    return getattr(self.get_queryset(), name)(*args, **kwargs)
           ~~~~~~~~~~~~~~~~~~~~~~~~~~~~~~~~~~^^^^^^^^^^^^^^^^^
  File "C:\Users\admin\Documents\KiroCOmplaint\Complaint\backend\venv\Lib\site-packages\django\db\models\query.py", line 663, in create
    obj = self.model(**kwargs)
  File "C:\Users\admin\Documents\KiroCOmplaint\Complaint\backend\venv\Lib\site-packages\django\db\models\base.py", line 569, in __init__
    raise TypeError(
    ...<2 lines>...
    )
TypeError: Complaint() got unexpected keyword arguments: 'uploaded_files'

During handling of the above exception, another exception occurred:

Traceback (most recent call last):
  File "C:\Users\admin\Documents\KiroCOmplaint\Complaint\backend\venv\Lib\site-packages\django\core\handlers\exception.py", line 55, in inner
    response = get_response(request)
  File "C:\Users\admin\Documents\KiroCOmplaint\Complaint\backend\venv\Lib\site-packages\django\core\handlers\base.py", line 197, in _get_response
    response = wrapped_callback(request, *callback_args, **callback_kwargs)
  File "C:\Users\admin\Documents\KiroCOmplaint\Complaint\backend\venv\Lib\site-packages\django\views\decorators\csrf.py", line 65, in _view_wrapper
    return view_func(request, *args, **kwargs)
  File "C:\Users\admin\Documents\KiroCOmplaint\Complaint\backend\venv\Lib\site-packages\django\views\generic\base.py", line 105, in view
    return self.dispatch(request, *args, **kwargs)
           ~~~~~~~~~~~~~^^^^^^^^^^^^^^^^^^^^^^^^^^
  File "C:\Users\admin\Documents\KiroCOmplaint\Complaint\backend\venv\Lib\site-packages\rest_framework\views.py", line 515, in dispatch
    response = self.handle_exception(exc)
  File "C:\Users\admin\Documents\KiroCOmplaint\Complaint\backend\venv\Lib\site-packages\rest_framework\views.py", line 475, in handle_exception
    self.raise_uncaught_exception(exc)
    ~~~~~~~~~~~~~~~~~~~~~~~~~~~~~^^^^^
  File "C:\Users\admin\Documents\KiroCOmplaint\Complaint\backend\venv\Lib\site-packages\rest_framework\views.py", line 486, in raise_uncaught_exception
    raise exc
  File "C:\Users\admin\Documents\KiroCOmplaint\Complaint\backend\venv\Lib\site-packages\rest_framework\views.py", line 512, in dispatch
    response = handler(request, *args, **kwargs)
  File "C:\Users\admin\Documents\KiroCOmplaint\Complaint\backend\venv\Lib\site-packages\rest_framework\generics.py", line 246, in post
    return self.create(request, *args, **kwargs)
           ~~~~~~~~~~~^^^^^^^^^^^^^^^^^^^^^^^^^^
  File "C:\Users\admin\Documents\KiroCOmplaint\Complaint\backend\venv\Lib\site-packages\rest_framework\mixins.py", line 19, in create
    self.perform_create(serializer)
    ~~~~~~~~~~~~~~~~~~~^^^^^^^^^^^^
  File "C:\Users\admin\Documents\KiroCOmplaint\Complaint\backend\complaints\views.py", line 107, in perform_create
    complaint = serializer.save(
        submitter=self.request.user,
    ...<2 lines>...
        status='new'
    )
  File "C:\Users\admin\Documents\KiroCOmplaint\Complaint\backend\venv\Lib\site-packages\rest_framework\serializers.py", line 210, in save
    self.instance = self.create(validated_data)
                    ~~~~~~~~~~~^^^^^^^^^^^^^^^^
  File "C:\Users\admin\Documents\KiroCOmplaint\Complaint\backend\venv\Lib\site-packages\rest_framework\serializers.py", line 1010, in create
    raise TypeError(msg)
TypeError: Got a `TypeError` when calling `Complaint.objects.create()`. This may be because you have a writable field on the serializer class that is not a valid argument to `Complaint.objects.create()`. You may need to make the field read-only, or override the ComplaintSerializer.create() method to handle this correctly.
Original exception was:
 Traceback (most recent call last):
  File "C:\Users\admin\Documents\KiroCOmplaint\Complaint\backend\venv\Lib\site-packages\rest_framework\serializers.py", line 991, in create
    instance = ModelClass._default_manager.create(**validated_data)
  File "C:\Users\admin\Documents\KiroCOmplaint\Complaint\backend\venv\Lib\site-packages\django\db\models\manager.py", line 87, in manager_method
    return getattr(self.get_queryset(), name)(*args, **kwargs)
           ~~~~~~~~~~~~~~~~~~~~~~~~~~~~~~~~~~^^^^^^^^^^^^^^^^^
  File "C:\Users\admin\Documents\KiroCOmplaint\Complaint\backend\venv\Lib\site-packages\django\db\models\query.py", line 663, in create
    obj = self.model(**kwargs)
  File "C:\Users\admin\Documents\KiroCOmplaint\Complaint\backend\venv\Lib\site-packages\django\db\models\base.py", line 569, in __init__
    raise TypeError(
    ...<2 lines>...
    )
TypeError: Complaint() got unexpected keyword arguments: 'uploaded_files'

ERROR 2025-11-28 13:03:44,990 log Internal Server Error: /api/complaints/
Traceback (most recent call last):
  File "C:\Users\admin\Documents\KiroCOmplaint\Complaint\backend\venv\Lib\site-packages\rest_framework\serializers.py", line 991, in create
    instance = ModelClass._default_manager.create(**validated_data)
  File "C:\Users\admin\Documents\KiroCOmplaint\Complaint\backend\venv\Lib\site-packages\django\db\models\manager.py", line 87, in manager_method
    return getattr(self.get_queryset(), name)(*args, **kwargs)
           ~~~~~~~~~~~~~~~~~~~~~~~~~~~~~~~~~~^^^^^^^^^^^^^^^^^
  File "C:\Users\admin\Documents\KiroCOmplaint\Complaint\backend\venv\Lib\site-packages\django\db\models\query.py", line 663, in create
    obj = self.model(**kwargs)
  File "C:\Users\admin\Documents\KiroCOmplaint\Complaint\backend\venv\Lib\site-packages\django\db\models\base.py", line 569, in __init__
    raise TypeError(
    ...<2 lines>...
    )
TypeError: Complaint() got unexpected keyword arguments: 'uploaded_files'

During handling of the above exception, another exception occurred:

Traceback (most recent call last):
  File "C:\Users\admin\Documents\KiroCOmplaint\Complaint\backend\venv\Lib\site-packages\django\core\handlers\exception.py", line 55, in inner
    response = get_response(request)
  File "C:\Users\admin\Documents\KiroCOmplaint\Complaint\backend\venv\Lib\site-packages\django\core\handlers\base.py", line 197, in _get_response
    response = wrapped_callback(request, *callback_args, **callback_kwargs)
  File "C:\Users\admin\Documents\KiroCOmplaint\Complaint\backend\venv\Lib\site-packages\django\views\decorators\csrf.py", line 65, in _view_wrapper
    return view_func(request, *args, **kwargs)
  File "C:\Users\admin\Documents\KiroCOmplaint\Complaint\backend\venv\Lib\site-packages\django\views\generic\base.py", line 105, in view
    return self.dispatch(request, *args, **kwargs)
           ~~~~~~~~~~~~~^^^^^^^^^^^^^^^^^^^^^^^^^^
  File "C:\Users\admin\Documents\KiroCOmplaint\Complaint\backend\venv\Lib\site-packages\rest_framework\views.py", line 515, in dispatch
    response = self.handle_exception(exc)
  File "C:\Users\admin\Documents\KiroCOmplaint\Complaint\backend\venv\Lib\site-packages\rest_framework\views.py", line 475, in handle_exception
    self.raise_uncaught_exception(exc)
    ~~~~~~~~~~~~~~~~~~~~~~~~~~~~~^^^^^
  File "C:\Users\admin\Documents\KiroCOmplaint\Complaint\backend\venv\Lib\site-packages\rest_framework\views.py", line 486, in raise_uncaught_exception
    raise exc
  File "C:\Users\admin\Documents\KiroCOmplaint\Complaint\backend\venv\Lib\site-packages\rest_framework\views.py", line 512, in dispatch
    response = handler(request, *args, **kwargs)
  File "C:\Users\admin\Documents\KiroCOmplaint\Complaint\backend\venv\Lib\site-packages\rest_framework\generics.py", line 246, in post
    return self.create(request, *args, **kwargs)
           ~~~~~~~~~~~^^^^^^^^^^^^^^^^^^^^^^^^^^
  File "C:\Users\admin\Documents\KiroCOmplaint\Complaint\backend\venv\Lib\site-packages\rest_framework\mixins.py", line 19, in create
    self.perform_create(serializer)
    ~~~~~~~~~~~~~~~~~~~^^^^^^^^^^^^
  File "C:\Users\admin\Documents\KiroCOmplaint\Complaint\backend\complaints\views.py", line 107, in perform_create
    complaint = serializer.save(
        submitter=self.request.user,
    ...<2 lines>...
        status='new'
    )
  File "C:\Users\admin\Documents\KiroCOmplaint\Complaint\backend\venv\Lib\site-packages\rest_framework\serializers.py", line 210, in save
    self.instance = self.create(validated_data)
                    ~~~~~~~~~~~^^^^^^^^^^^^^^^^
  File "C:\Users\admin\Documents\KiroCOmplaint\Complaint\backend\venv\Lib\site-packages\rest_framework\serializers.py", line 1010, in create
    raise TypeError(msg)
TypeError: Got a `TypeError` when calling `Complaint.objects.create()`. This may be because you have a writable field on the serializer class that is not a valid argument to `Complaint.objects.create()`. You may need to make the field read-only, or override the ComplaintSerializer.create() method to handle this correctly.
Original exception was:
 Traceback (most recent call last):
  File "C:\Users\admin\Documents\KiroCOmplaint\Complaint\backend\venv\Lib\site-packages\rest_framework\serializers.py", line 991, in create
    instance = ModelClass._default_manager.create(**validated_data)
  File "C:\Users\admin\Documents\KiroCOmplaint\Complaint\backend\venv\Lib\site-packages\django\db\models\manager.py", line 87, in manager_method
    return getattr(self.get_queryset(), name)(*args, **kwargs)
           ~~~~~~~~~~~~~~~~~~~~~~~~~~~~~~~~~~^^^^^^^^^^^^^^^^^
  File "C:\Users\admin\Documents\KiroCOmplaint\Complaint\backend\venv\Lib\site-packages\django\db\models\query.py", line 663, in create
    obj = self.model(**kwargs)
  File "C:\Users\admin\Documents\KiroCOmplaint\Complaint\backend\venv\Lib\site-packages\django\db\models\base.py", line 569, in __init__
    raise TypeError(
    ...<2 lines>...
    )
TypeError: Complaint() got unexpected keyword arguments: 'uploaded_files'

ERROR 2025-11-28 13:03:45,219 log Internal Server Error: /api/complaints/
Traceback (most recent call last):
  File "C:\Users\admin\Documents\KiroCOmplaint\Complaint\backend\venv\Lib\site-packages\rest_framework\serializers.py", line 991, in create
    instance = ModelClass._default_manager.create(**validated_data)
  File "C:\Users\admin\Documents\KiroCOmplaint\Complaint\backend\venv\Lib\site-packages\django\db\models\manager.py", line 87, in manager_method
    return getattr(self.get_queryset(), name)(*args, **kwargs)
           ~~~~~~~~~~~~~~~~~~~~~~~~~~~~~~~~~~^^^^^^^^^^^^^^^^^
  File "C:\Users\admin\Documents\KiroCOmplaint\Complaint\backend\venv\Lib\site-packages\django\db\models\query.py", line 663, in create
    obj = self.model(**kwargs)
  File "C:\Users\admin\Documents\KiroCOmplaint\Complaint\backend\venv\Lib\site-packages\django\db\models\base.py", line 569, in __init__
    raise TypeError(
    ...<2 lines>...
    )
TypeError: Complaint() got unexpected keyword arguments: 'uploaded_files'

During handling of the above exception, another exception occurred:

Traceback (most recent call last):
  File "C:\Users\admin\Documents\KiroCOmplaint\Complaint\backend\venv\Lib\site-packages\django\core\handlers\exception.py", line 55, in inner
    response = get_response(request)
  File "C:\Users\admin\Documents\KiroCOmplaint\Complaint\backend\venv\Lib\site-packages\django\core\handlers\base.py", line 197, in _get_response
    response = wrapped_callback(request, *callback_args, **callback_kwargs)
  File "C:\Users\admin\Documents\KiroCOmplaint\Complaint\backend\venv\Lib\site-packages\django\views\decorators\csrf.py", line 65, in _view_wrapper
    return view_func(request, *args, **kwargs)
  File "C:\Users\admin\Documents\KiroCOmplaint\Complaint\backend\venv\Lib\site-packages\django\views\generic\base.py", line 105, in view
    return self.dispatch(request, *args, **kwargs)
           ~~~~~~~~~~~~~^^^^^^^^^^^^^^^^^^^^^^^^^^
  File "C:\Users\admin\Documents\KiroCOmplaint\Complaint\backend\venv\Lib\site-packages\rest_framework\views.py", line 515, in dispatch
    response = self.handle_exception(exc)
  File "C:\Users\admin\Documents\KiroCOmplaint\Complaint\backend\venv\Lib\site-packages\rest_framework\views.py", line 475, in handle_exception
    self.raise_uncaught_exception(exc)
    ~~~~~~~~~~~~~~~~~~~~~~~~~~~~~^^^^^
  File "C:\Users\admin\Documents\KiroCOmplaint\Complaint\backend\venv\Lib\site-packages\rest_framework\views.py", line 486, in raise_uncaught_exception
    raise exc
  File "C:\Users\admin\Documents\KiroCOmplaint\Complaint\backend\venv\Lib\site-packages\rest_framework\views.py", line 512, in dispatch
    response = handler(request, *args, **kwargs)
  File "C:\Users\admin\Documents\KiroCOmplaint\Complaint\backend\venv\Lib\site-packages\rest_framework\generics.py", line 246, in post
    return self.create(request, *args, **kwargs)
           ~~~~~~~~~~~^^^^^^^^^^^^^^^^^^^^^^^^^^
  File "C:\Users\admin\Documents\KiroCOmplaint\Complaint\backend\venv\Lib\site-packages\rest_framework\mixins.py", line 19, in create
    self.perform_create(serializer)
    ~~~~~~~~~~~~~~~~~~~^^^^^^^^^^^^
  File "C:\Users\admin\Documents\KiroCOmplaint\Complaint\backend\complaints\views.py", line 107, in perform_create
    complaint = serializer.save(
        submitter=self.request.user,
    ...<2 lines>...
        status='new'
    )
  File "C:\Users\admin\Documents\KiroCOmplaint\Complaint\backend\venv\Lib\site-packages\rest_framework\serializers.py", line 210, in save
    self.instance = self.create(validated_data)
                    ~~~~~~~~~~~^^^^^^^^^^^^^^^^
  File "C:\Users\admin\Documents\KiroCOmplaint\Complaint\backend\venv\Lib\site-packages\rest_framework\serializers.py", line 1010, in create
    raise TypeError(msg)
TypeError: Got a `TypeError` when calling `Complaint.objects.create()`. This may be because you have a writable field on the serializer class that is not a valid argument to `Complaint.objects.create()`. You may need to make the field read-only, or override the ComplaintSerializer.create() method to handle this correctly.
Original exception was:
 Traceback (most recent call last):
  File "C:\Users\admin\Documents\KiroCOmplaint\Complaint\backend\venv\Lib\site-packages\rest_framework\serializers.py", line 991, in create
    instance = ModelClass._default_manager.create(**validated_data)
  File "C:\Users\admin\Documents\KiroCOmplaint\Complaint\backend\venv\Lib\site-packages\django\db\models\manager.py", line 87, in manager_method
    return getattr(self.get_queryset(), name)(*args, **kwargs)
           ~~~~~~~~~~~~~~~~~~~~~~~~~~~~~~~~~~^^^^^^^^^^^^^^^^^
  File "C:\Users\admin\Documents\KiroCOmplaint\Complaint\backend\venv\Lib\site-packages\django\db\models\query.py", line 663, in create
    obj = self.model(**kwargs)
  File "C:\Users\admin\Documents\KiroCOmplaint\Complaint\backend\venv\Lib\site-packages\django\db\models\base.py", line 569, in __init__
    raise TypeError(
    ...<2 lines>...
    )
TypeError: Complaint() got unexpected keyword arguments: 'uploaded_files'

ERROR 2025-11-28 13:03:46,180 log Internal Server Error: /api/complaints/
Traceback (most recent call last):
  File "C:\Users\admin\Documents\KiroCOmplaint\Complaint\backend\venv\Lib\site-packages\rest_framework\serializers.py", line 991, in create
    instance = ModelClass._default_manager.create(**validated_data)
  File "C:\Users\admin\Documents\KiroCOmplaint\Complaint\backend\venv\Lib\site-packages\django\db\models\manager.py", line 87, in manager_method
    return getattr(self.get_queryset(), name)(*args, **kwargs)
           ~~~~~~~~~~~~~~~~~~~~~~~~~~~~~~~~~~^^^^^^^^^^^^^^^^^
  File "C:\Users\admin\Documents\KiroCOmplaint\Complaint\backend\venv\Lib\site-packages\django\db\models\query.py", line 663, in create
    obj = self.model(**kwargs)
  File "C:\Users\admin\Documents\KiroCOmplaint\Complaint\backend\venv\Lib\site-packages\django\db\models\base.py", line 569, in __init__
    raise TypeError(
    ...<2 lines>...
    )
TypeError: Complaint() got unexpected keyword arguments: 'uploaded_files'

During handling of the above exception, another exception occurred:

Traceback (most recent call last):
  File "C:\Users\admin\Documents\KiroCOmplaint\Complaint\backend\venv\Lib\site-packages\django\core\handlers\exception.py", line 55, in inner
    response = get_response(request)
  File "C:\Users\admin\Documents\KiroCOmplaint\Complaint\backend\venv\Lib\site-packages\django\core\handlers\base.py", line 197, in _get_response
    response = wrapped_callback(request, *callback_args, **callback_kwargs)
  File "C:\Users\admin\Documents\KiroCOmplaint\Complaint\backend\venv\Lib\site-packages\django\views\decorators\csrf.py", line 65, in _view_wrapper
    return view_func(request, *args, **kwargs)
  File "C:\Users\admin\Documents\KiroCOmplaint\Complaint\backend\venv\Lib\site-packages\django\views\generic\base.py", line 105, in view
    return self.dispatch(request, *args, **kwargs)
           ~~~~~~~~~~~~~^^^^^^^^^^^^^^^^^^^^^^^^^^
  File "C:\Users\admin\Documents\KiroCOmplaint\Complaint\backend\venv\Lib\site-packages\rest_framework\views.py", line 515, in dispatch
    response = self.handle_exception(exc)
  File "C:\Users\admin\Documents\KiroCOmplaint\Complaint\backend\venv\Lib\site-packages\rest_framework\views.py", line 475, in handle_exception
    self.raise_uncaught_exception(exc)
    ~~~~~~~~~~~~~~~~~~~~~~~~~~~~~^^^^^
  File "C:\Users\admin\Documents\KiroCOmplaint\Complaint\backend\venv\Lib\site-packages\rest_framework\views.py", line 486, in raise_uncaught_exception
    raise exc
  File "C:\Users\admin\Documents\KiroCOmplaint\Complaint\backend\venv\Lib\site-packages\rest_framework\views.py", line 512, in dispatch
    response = handler(request, *args, **kwargs)
  File "C:\Users\admin\Documents\KiroCOmplaint\Complaint\backend\venv\Lib\site-packages\rest_framework\generics.py", line 246, in post
    return self.create(request, *args, **kwargs)
           ~~~~~~~~~~~^^^^^^^^^^^^^^^^^^^^^^^^^^
  File "C:\Users\admin\Documents\KiroCOmplaint\Complaint\backend\venv\Lib\site-packages\rest_framework\mixins.py", line 19, in create
    self.perform_create(serializer)
    ~~~~~~~~~~~~~~~~~~~^^^^^^^^^^^^
  File "C:\Users\admin\Documents\KiroCOmplaint\Complaint\backend\complaints\views.py", line 107, in perform_create
    complaint = serializer.save(
        submitter=self.request.user,
    ...<2 lines>...
        status='new'
    )
  File "C:\Users\admin\Documents\KiroCOmplaint\Complaint\backend\venv\Lib\site-packages\rest_framework\serializers.py", line 210, in save
    self.instance = self.create(validated_data)
                    ~~~~~~~~~~~^^^^^^^^^^^^^^^^
  File "C:\Users\admin\Documents\KiroCOmplaint\Complaint\backend\venv\Lib\site-packages\rest_framework\serializers.py", line 1010, in create
    raise TypeError(msg)
TypeError: Got a `TypeError` when calling `Complaint.objects.create()`. This may be because you have a writable field on the serializer class that is not a valid argument to `Complaint.objects.create()`. You may need to make the field read-only, or override the ComplaintSerializer.create() method to handle this correctly.
Original exception was:
 Traceback (most recent call last):
  File "C:\Users\admin\Documents\KiroCOmplaint\Complaint\backend\venv\Lib\site-packages\rest_framework\serializers.py", line 991, in create
    instance = ModelClass._default_manager.create(**validated_data)
  File "C:\Users\admin\Documents\KiroCOmplaint\Complaint\backend\venv\Lib\site-packages\django\db\models\manager.py", line 87, in manager_method
    return getattr(self.get_queryset(), name)(*args, **kwargs)
           ~~~~~~~~~~~~~~~~~~~~~~~~~~~~~~~~~~^^^^^^^^^^^^^^^^^
  File "C:\Users\admin\Documents\KiroCOmplaint\Complaint\backend\venv\Lib\site-packages\django\db\models\query.py", line 663, in create
    obj = self.model(**kwargs)
  File "C:\Users\admin\Documents\KiroCOmplaint\Complaint\backend\venv\Lib\site-packages\django\db\models\base.py", line 569, in __init__
    raise TypeError(
    ...<2 lines>...
    )
TypeError: Complaint() got unexpected keyword arguments: 'uploaded_files'

ERROR 2025-11-28 13:03:46,937 log Internal Server Error: /api/complaints/
Traceback (most recent call last):
  File "C:\Users\admin\Documents\KiroCOmplaint\Complaint\backend\venv\Lib\site-packages\rest_framework\serializers.py", line 991, in create
    instance = ModelClass._default_manager.create(**validated_data)
  File "C:\Users\admin\Documents\KiroCOmplaint\Complaint\backend\venv\Lib\site-packages\django\db\models\manager.py", line 87, in manager_method
    return getattr(self.get_queryset(), name)(*args, **kwargs)
           ~~~~~~~~~~~~~~~~~~~~~~~~~~~~~~~~~~^^^^^^^^^^^^^^^^^
  File "C:\Users\admin\Documents\KiroCOmplaint\Complaint\backend\venv\Lib\site-packages\django\db\models\query.py", line 663, in create
    obj = self.model(**kwargs)
  File "C:\Users\admin\Documents\KiroCOmplaint\Complaint\backend\venv\Lib\site-packages\django\db\models\base.py", line 569, in __init__
    raise TypeError(
    ...<2 lines>...
    )
TypeError: Complaint() got unexpected keyword arguments: 'uploaded_files'

During handling of the above exception, another exception occurred:

Traceback (most recent call last):
  File "C:\Users\admin\Documents\KiroCOmplaint\Complaint\backend\venv\Lib\site-packages\django\core\handlers\exception.py", line 55, in inner
    response = get_response(request)
  File "C:\Users\admin\Documents\KiroCOmplaint\Complaint\backend\venv\Lib\site-packages\django\core\handlers\base.py", line 197, in _get_response
    response = wrapped_callback(request, *callback_args, **callback_kwargs)
  File "C:\Users\admin\Documents\KiroCOmplaint\Complaint\backend\venv\Lib\site-packages\django\views\decorators\csrf.py", line 65, in _view_wrapper
    return view_func(request, *args, **kwargs)
  File "C:\Users\admin\Documents\KiroCOmplaint\Complaint\backend\venv\Lib\site-packages\django\views\generic\base.py", line 105, in view
    return self.dispatch(request, *args, **kwargs)
           ~~~~~~~~~~~~~^^^^^^^^^^^^^^^^^^^^^^^^^^
  File "C:\Users\admin\Documents\KiroCOmplaint\Complaint\backend\venv\Lib\site-packages\rest_framework\views.py", line 515, in dispatch
    response = self.handle_exception(exc)
  File "C:\Users\admin\Documents\KiroCOmplaint\Complaint\backend\venv\Lib\site-packages\rest_framework\views.py", line 475, in handle_exception
    self.raise_uncaught_exception(exc)
    ~~~~~~~~~~~~~~~~~~~~~~~~~~~~~^^^^^
  File "C:\Users\admin\Documents\KiroCOmplaint\Complaint\backend\venv\Lib\site-packages\rest_framework\views.py", line 486, in raise_uncaught_exception
    raise exc
  File "C:\Users\admin\Documents\KiroCOmplaint\Complaint\backend\venv\Lib\site-packages\rest_framework\views.py", line 512, in dispatch
    response = handler(request, *args, **kwargs)
  File "C:\Users\admin\Documents\KiroCOmplaint\Complaint\backend\venv\Lib\site-packages\rest_framework\generics.py", line 246, in post
    return self.create(request, *args, **kwargs)
           ~~~~~~~~~~~^^^^^^^^^^^^^^^^^^^^^^^^^^
  File "C:\Users\admin\Documents\KiroCOmplaint\Complaint\backend\venv\Lib\site-packages\rest_framework\mixins.py", line 19, in create
    self.perform_create(serializer)
    ~~~~~~~~~~~~~~~~~~~^^^^^^^^^^^^
  File "C:\Users\admin\Documents\KiroCOmplaint\Complaint\backend\complaints\views.py", line 107, in perform_create
    complaint = serializer.save(
        submitter=self.request.user,
    ...<2 lines>...
        status='new'
    )
  File "C:\Users\admin\Documents\KiroCOmplaint\Complaint\backend\venv\Lib\site-packages\rest_framework\serializers.py", line 210, in save
    self.instance = self.create(validated_data)
                    ~~~~~~~~~~~^^^^^^^^^^^^^^^^
  File "C:\Users\admin\Documents\KiroCOmplaint\Complaint\backend\venv\Lib\site-packages\rest_framework\serializers.py", line 1010, in create
    raise TypeError(msg)
TypeError: Got a `TypeError` when calling `Complaint.objects.create()`. This may be because you have a writable field on the serializer class that is not a valid argument to `Complaint.objects.create()`. You may need to make the field read-only, or override the ComplaintSerializer.create() method to handle this correctly.
Original exception was:
 Traceback (most recent call last):
  File "C:\Users\admin\Documents\KiroCOmplaint\Complaint\backend\venv\Lib\site-packages\rest_framework\serializers.py", line 991, in create
    instance = ModelClass._default_manager.create(**validated_data)
  File "C:\Users\admin\Documents\KiroCOmplaint\Complaint\backend\venv\Lib\site-packages\django\db\models\manager.py", line 87, in manager_method
    return getattr(self.get_queryset(), name)(*args, **kwargs)
           ~~~~~~~~~~~~~~~~~~~~~~~~~~~~~~~~~~^^^^^^^^^^^^^^^^^
  File "C:\Users\admin\Documents\KiroCOmplaint\Complaint\backend\venv\Lib\site-packages\django\db\models\query.py", line 663, in create
    obj = self.model(**kwargs)
  File "C:\Users\admin\Documents\KiroCOmplaint\Complaint\backend\venv\Lib\site-packages\django\db\models\base.py", line 569, in __init__
    raise TypeError(
    ...<2 lines>...
    )
TypeError: Complaint() got unexpected keyword arguments: 'uploaded_files'

INFO 2025-11-28 13:05:39,082 autoreload C:\Users\admin\Documents\KiroCOmplaint\Complaint\backend\complaints\serializers.py changed, reloading.
INFO 2025-11-28 13:05:41,048 autoreload Watching for file changes with StatReloader
ERROR 2025-11-28 13:06:07,826 utils Failed to send email to student@example.com: Connection unexpectedly closed
ERROR 2025-11-28 13:08:04,209 utils Failed to send email to student@example.com: Connection unexpectedly closed
WARNING 2025-11-28 13:12:56,693 log Not Found: /api/public/track/Tracking ID: CMP-8AF7/
WARNING 2025-11-28 13:13:07,047 log Not Found: /api/public/track/ CMP-8AF7/
WARNING 2025-11-28 13:13:08,336 log Not Found: /api/public/track/ CMP-8AF7/
WARNING 2025-11-28 13:13:20,903 log Not Found: /api/public/track/ CMP-8AF7/
INFO 2025-11-28 13:18:32,271 autoreload C:\Users\admin\Documents\KiroCOmplaint\Complaint\backend\complaints\views.py changed, reloading.
INFO 2025-11-28 13:18:33,622 autoreload Watching for file changes with StatReloader
ERROR 2025-11-28 13:24:20,700 utils Failed to send email to student@example.com: Connection unexpectedly closed
WARNING 2025-11-28 13:26:23,674 log Bad Request: /api/complaints/8/comments/
WARNING 2025-11-28 13:27:48,037 log Bad Request: /api/complaints/8/comments/
INFO 2025-11-28 13:29:29,265 autoreload C:\Users\admin\Documents\KiroCOmplaint\Complaint\backend\complaints\serializers.py changed, reloading.
INFO 2025-11-28 13:29:30,809 autoreload Watching for file changes with StatReloader
